Hello world !
Started one dimension display thread
Started one dimension process thread
 * Serving Flask app 'main' (lazy loading)
 * Environment: production
   WARNING: This is a development server. Do not use it in a production deployment.
   Use a production WSGI server instead.
 * Debug mode: off
 * Running on all addresses.
   WARNING: This is a development server. Do not use it in a production deployment.
 * Running on http://192.168.1.179:80/ (Press CTRL+C to quit)
192.168.1.122 - - [14/Sep/2021 19:15:30] "[32mGET /api/animation HTTP/1.1[0m" 308 -
192.168.1.122 - - [14/Sep/2021 19:15:31] "GET /api/animation/ HTTP/1.1" 200 -
192.168.1.122 - - [14/Sep/2021 19:15:44] "[32mGET /api/animation HTTP/1.1[0m" 308 -
192.168.1.122 - - [14/Sep/2021 19:15:44] "GET /api/animation/ HTTP/1.1" 200 -
Hello world !
Started one dimension display thread
Started one dimension process thread
 * Serving Flask app 'main' (lazy loading)
 * Environment: production
   WARNING: This is a development server. Do not use it in a production deployment.
   Use a production WSGI server instead.
 * Debug mode: off
 * Running on all addresses.
   WARNING: This is a development server. Do not use it in a production deployment.
 * Running on http://192.168.1.179:80/ (Press CTRL+C to quit)
192.168.1.122 - - [15/Sep/2021 01:00:01] "[32mGET /api/animation HTTP/1.1[0m" 308 -
192.168.1.122 - - [15/Sep/2021 01:00:01] "GET /api/animation/ HTTP/1.1" 200 -
192.168.1.122 - - [15/Sep/2021 01:03:27] "[32mGET /api/animation HTTP/1.1[0m" 308 -
192.168.1.122 - - [15/Sep/2021 01:03:27] "GET /api/animation/ HTTP/1.1" 200 -
192.168.1.122 - - [15/Sep/2021 01:41:07] "[32mGET /api/animation HTTP/1.1[0m" 308 -
192.168.1.122 - - [15/Sep/2021 01:41:09] "GET /api/animation/ HTTP/1.1" 200 -
192.168.1.122 - - [15/Sep/2021 01:41:31] "[32mGET /api/animation HTTP/1.1[0m" 308 -
192.168.1.122 - - [15/Sep/2021 01:41:32] "GET /api/animation/ HTTP/1.1" 200 -
Hello world !
Started one dimension process thread
 * Serving Flask app 'main' (lazy loading)
> Command segment
TERMINATED
> Command animation
TERNATED
 * Environment: production
   WARNING: This is a development server. Do not use it in a production deployment.
   Use a production WSGI server instead.
 * Debug mode: off
 * Running on all addresses.
   WARNING: This is a development server. Do not use it in a production deployment.
 * Running on http://192.168.1.179:80/ (Press CTRL+C to quit)
192.168.1.108 - - [15/Sep/2021 21:12:13] "[33mGET /api/animation HTTP/1.1[0m" 404 -
192.168.1.108 - - [15/Sep/2021 21:12:34] "GET /api/led/animation HTTP/1.1" 200 -
192.168.1.108 - - [15/Sep/2021 21:12:46] "GET /api/led/animation HTTP/1.1" 200 -
192.168.1.105 - - [15/Sep/2021 21:48:24] "POST /api/led/brightness/ HTTP/1.1" 200 -
192.168.1.105 - - [15/Sep/2021 21:50:07] "POST /api/led/brightness/ HTTP/1.1" 200 -
192.168.1.105 - - [15/Sep/2021 21:50:12] "POST /api/led/brightness/ HTTP/1.1" 200 -
192.168.1.108 - - [15/Sep/2021 22:40:29] "POST /api/led/brightness/ HTTP/1.1" 200 -
192.168.1.108 - - [15/Sep/2021 22:40:49] "POST /api/led/brightness/ HTTP/1.1" 200 -
192.168.1.108 - - [15/Sep/2021 22:53:11] "POST /api/led/brightness/ HTTP/1.1" 200 -
Hello world !
Started one dimension process thread
 * Serving Flask app 'main' (lazy loading)
> Command segment
TERMINATED
> Command animation
TERNATED
 * Environment: production
   WARNING: This is a development server. Do not use it in a production deployment.
   Use a production WSGI server instead.
 * Debug mode: off
 * Running on all addresses.
   WARNING: This is a development server. Do not use it in a production deployment.
 * Running on http://192.168.1.179:80/ (Press CTRL+C to quit)
192.168.1.122 - - [16/Sep/2021 20:03:36] "POST /api/led/brightness/ HTTP/1.1" 200 -
192.168.1.122 - - [16/Sep/2021 20:03:41] "GET /api/led/animation HTTP/1.1" 200 -
192.168.1.122 - - [16/Sep/2021 20:03:45] "GET /api/led/animation HTTP/1.1" 200 -
Hello world !
Started one dimension process thread
 * Serving Flask app 'main' (lazy loading)
 * Environment: production
   WARNING: This is a development server. Do not use it in a production deployment.
   Use a production WSGI server instead.
 * Debug mode: off
 * Running on all addresses.
   WARNING: This is a development server. Do not use it in a production deployment.
 * Running on http://192.168.1.179:80/ (Press CTRL+C to quit)
192.168.1.122 - - [16/Sep/2021 22:19:26] "[33mGET /api/animation HTTP/1.1[0m" 404 -
[2021-09-16 22:19:38,269] ERROR in app: Exception on /api/led/animation [GET]
Traceback (most recent call last):
  File "/usr/local/lib/python3.7/dist-packages/flask/app.py", line 2070, in wsgi_app
    response = self.full_dispatch_request()
  File "/usr/local/lib/python3.7/dist-packages/flask/app.py", line 1515, in full_dispatch_request
    rv = self.handle_user_exception(e)
  File "/usr/local/lib/python3.7/dist-packages/flask/app.py", line 1513, in full_dispatch_request
    rv = self.dispatch_request()
  File "/usr/local/lib/python3.7/dist-packages/flask/app.py", line 1499, in dispatch_request
    return self.ensure_sync(self.view_functions[rule.endpoint])(**req.view_args)
  File "/home/pi/SpectrumLight/src/api/animation_controller.py", line 42, in get_animation
    return jsonify(rtn)
  File "/usr/local/lib/python3.7/dist-packages/flask/json/__init__.py", line 348, in jsonify
    f"{dumps(data, indent=indent, separators=separators)}\n",
  File "/usr/local/lib/python3.7/dist-packages/flask/json/__init__.py", line 129, in dumps
    rv = _json.dumps(obj, **kwargs)
  File "/usr/lib/python3.7/json/__init__.py", line 238, in dumps
    **kw).encode(obj)
  File "/usr/lib/python3.7/json/encoder.py", line 199, in encode
    chunks = self.iterencode(o, _one_shot=True)
  File "/usr/lib/python3.7/json/encoder.py", line 257, in iterencode
    return _iterencode(o, 0)
  File "/usr/local/lib/python3.7/dist-packages/flask/json/__init__.py", line 56, in default
    return super().default(o)
  File "/usr/lib/python3.7/json/encoder.py", line 179, in default
    raise TypeError(f'Object of type {o.__class__.__name__} '
TypeError: Object of type BadRequest is not JSON serializable
192.168.1.122 - - [16/Sep/2021 22:19:38] "[35m[1mGET /api/led/animation HTTP/1.1[0m" 500 -
[2021-09-16 22:21:09,250] ERROR in app: Exception on /api/led/animation [GET]
Traceback (most recent call last):
  File "/usr/local/lib/python3.7/dist-packages/flask/app.py", line 2070, in wsgi_app
    response = self.full_dispatch_request()
  File "/usr/local/lib/python3.7/dist-packages/flask/app.py", line 1515, in full_dispatch_request
    rv = self.handle_user_exception(e)
  File "/usr/local/lib/python3.7/dist-packages/flask/app.py", line 1513, in full_dispatch_request
    rv = self.dispatch_request()
  File "/usr/local/lib/python3.7/dist-packages/flask/app.py", line 1499, in dispatch_request
    return self.ensure_sync(self.view_functions[rule.endpoint])(**req.view_args)
  File "/home/pi/SpectrumLight/src/api/animation_controller.py", line 42, in get_animation
    return jsonify(rtn)
  File "/usr/local/lib/python3.7/dist-packages/flask/json/__init__.py", line 348, in jsonify
    f"{dumps(data, indent=indent, separators=separators)}\n",
  File "/usr/local/lib/python3.7/dist-packages/flask/json/__init__.py", line 129, in dumps
    rv = _json.dumps(obj, **kwargs)
  File "/usr/lib/python3.7/json/__init__.py", line 238, in dumps
    **kw).encode(obj)
  File "/usr/lib/python3.7/json/encoder.py", line 199, in encode
    chunks = self.iterencode(o, _one_shot=True)
  File "/usr/lib/python3.7/json/encoder.py", line 257, in iterencode
    return _iterencode(o, 0)
  File "/usr/local/lib/python3.7/dist-packages/flask/json/__init__.py", line 56, in default
    return super().default(o)
  File "/usr/lib/python3.7/json/encoder.py", line 179, in default
    raise TypeError(f'Object of type {o.__class__.__name__} '
TypeError: Object of type BadRequest is not JSON serializable
192.168.1.122 - - [16/Sep/2021 22:21:09] "[35m[1mGET /api/led/animation HTTP/1.1[0m" 500 -
Hello world !
Started one dimension process thread
 * Serving Flask app 'main' (lazy loading)
> Command segment
TERMINATED
> Command animation
TERNATED
 * Environment: production
   WARNING: This is a development server. Do not use it in a production deployment.
   Use a production WSGI server instead.
 * Debug mode: off
 * Running on all addresses.
   WARNING: This is a development server. Do not use it in a production deployment.
 * Running on http://192.168.1.179:80/ (Press CTRL+C to quit)
[2021-09-16 22:22:22,906] ERROR in app: Exception on /api/led/animation [GET]
Traceback (most recent call last):
  File "/usr/local/lib/python3.7/dist-packages/flask/app.py", line 2070, in wsgi_app
    response = self.full_dispatch_request()
  File "/usr/local/lib/python3.7/dist-packages/flask/app.py", line 1515, in full_dispatch_request
    rv = self.handle_user_exception(e)
  File "/usr/local/lib/python3.7/dist-packages/flask/app.py", line 1513, in full_dispatch_request
    rv = self.dispatch_request()
  File "/usr/local/lib/python3.7/dist-packages/flask/app.py", line 1499, in dispatch_request
    return self.ensure_sync(self.view_functions[rule.endpoint])(**req.view_args)
  File "/home/pi/SpectrumLight/src/api/animation_controller.py", line 42, in get_animation
    return jsonify(rtn)
  File "/usr/local/lib/python3.7/dist-packages/flask/json/__init__.py", line 348, in jsonify
    f"{dumps(data, indent=indent, separators=separators)}\n",
  File "/usr/local/lib/python3.7/dist-packages/flask/json/__init__.py", line 129, in dumps
    rv = _json.dumps(obj, **kwargs)
  File "/usr/lib/python3.7/json/__init__.py", line 238, in dumps
    **kw).encode(obj)
  File "/usr/lib/python3.7/json/encoder.py", line 199, in encode
    chunks = self.iterencode(o, _one_shot=True)
  File "/usr/lib/python3.7/json/encoder.py", line 257, in iterencode
    return _iterencode(o, 0)
  File "/usr/local/lib/python3.7/dist-packages/flask/json/__init__.py", line 56, in default
    return super().default(o)
  File "/usr/lib/python3.7/json/encoder.py", line 179, in default
    raise TypeError(f'Object of type {o.__class__.__name__} '
TypeError: Object of type BadRequest is not JSON serializable
192.168.1.122 - - [16/Sep/2021 22:22:23] "[35m[1mGET /api/led/animation HTTP/1.1[0m" 500 -
Hello world !
Started one dimension process thread
 * Serving Flask app 'main' (lazy loading)
 * Environment: production
   WARNING: This is a development server. Do not use it in a production deployment.
   Use a production WSGI server instead.
 * Debug mode: off
 * Running on all addresses.
   WARNING: This is a development server. Do not use it in a production deployment.
 * Running on http://192.168.1.179:80/ (Press CTRL+C to quit)
192.168.1.122 - - [16/Sep/2021 22:30:59] "GET /api/led/animation HTTP/1.1" 200 -
